[INFO] GET / 200 in 3ms
[INFO] POST /api/login 400 in 331ms
[INFO] GET /api/user 401 in 1ms
[INFO] POST /api/register 200 in 227ms
[INFO] GET /api/user 200 in 58ms
[INFO] GET / 200 in 61ms
[INFO] GET / 200 in 68ms
[INFO] GET /api/playlists 304 in 208ms
[INFO] GET /api/podcasts 304 in 263ms
[INFO] GET /uploads/1735320158224-article.mp3 206 in 641ms
[INFO] Stripe initialized successfully
[INFO] ***Starting server initialization...


[INFO] Registering routes...
[INFO] Setting up Vite for development...
[INFO] Server started successfully on port 4000
[INFO] Webhook endpoint available at: https://PodCasterella.VivekGopal1.repl.co/api/webhooks/stripe
[INFO] GET / 200 in 43ms
[INFO] GET /@vite/client 304 in 55ms
[INFO] GET /@react-refresh 304 in 26ms
[INFO] GET /src/main.tsx 200 in 72ms
[INFO] GET /@vite-plugin-checker-runtime 304 in 95ms
[INFO] GET /@fs/home/runner/PodCasterella/node_modules/vite/dist/client/env.mjs 304 in 1ms
[INFO] GET /src/lib/queryClient.ts 200 in 841ms
[INFO] GET /src/pages/HomePage.tsx 200 in 56ms
[INFO] GET /src/components/ui/toaster.tsx 200 in 2ms
[INFO] GET /src/pages/PricingPage.tsx 200 in 2ms
[INFO] GET /src/pages/AuthPage.tsx 200 in 4ms
[INFO] GET /src/pages/LibraryPage.tsx 200 in 3ms
[INFO] GET /src/pages/AdminPage.tsx 200 in 2ms
[INFO] GET /src/pages/ProfilePage.tsx 200 in 1ms
[INFO] GET /src/index.css 304 in 1932ms
[INFO] GET /src/components/ui/button.tsx 200 in 2ms
[INFO] GET /src/pages/ForgotPasswordPage.tsx 200 in 2ms
[INFO] GET /src/pages/BillingPage.tsx 200 in 0ms
[INFO] GET /node_modules/.vite/deps/chunk-RPCDYKBN.js 404 in 34ms
[INFO] GET /src/hooks/use-user.ts 200 in 1ms
[INFO] GET /src/components/ui/toast.tsx 200 in 1ms
[INFO] GET /src/hooks/use-toast.ts 200 in 1ms
[INFO] GET /src/components/Sidebar.tsx 200 in 1ms
[INFO] GET /src/components/UsageProgress.tsx 200 in 1ms
[INFO] GET /src/hooks/use-tts.ts 200 in 1ms
[INFO] GET /src/components/ui/collapsible.tsx 200 in 0ms
[INFO] GET /src/components/ui/form.tsx 200 in 1ms
[INFO] GET /src/components/Logo.tsx 200 in 1ms
[INFO] GET /src/components/ui/input.tsx 200 in 1ms
[INFO] GET /@fs/home/runner/PodCasterella/db/schema.ts 200 in 2ms
[INFO] GET /src/components/ui/alert-dialog.tsx 200 in 3ms
[INFO] GET /src/hooks/use-audio.ts 200 in 3ms
[INFO] GET /src/lib/utils.ts 200 in 1ms
[INFO] GET /src/components/AudioPlayer.tsx 200 in 5ms
[INFO] GET /src/components/ui/card.tsx 200 in 1ms
[INFO] GET /src/components/ui/avatar.tsx 200 in 1ms
[INFO] GET /node_modules/.vite/deps/recharts.js 200 in 7ms
[INFO] GET /src/components/ui/tabs.tsx 200 in 0ms
[INFO] GET /node_modules/.vite/deps/chunk-KBTYAULA.js 404 in 4ms
[INFO] GET / 200 in 5ms
[INFO] GET /@vite/client 304 in 0ms
[INFO] GET /src/main.tsx 200 in 1ms
[INFO] GET /@react-refresh 304 in 1ms
[INFO] GET /@vite-plugin-checker-runtime 304 in 1ms
[INFO] GET /@fs/home/runner/PodCasterella/node_modules/vite/dist/client/env.mjs 304 in 1ms
[INFO] GET /src/components/ui/toaster.tsx 200 in 1ms
[INFO] GET /src/index.css 304 in 1ms
[INFO] GET /src/lib/queryClient.ts 200 in 1ms
[INFO] GET /src/pages/HomePage.tsx 200 in 2ms
[INFO] GET /src/pages/LibraryPage.tsx 200 in 1ms
[INFO] GET /src/pages/AdminPage.tsx 200 in 1ms
[INFO] GET /src/pages/AuthPage.tsx 200 in 1ms
[INFO] GET /src/pages/PricingPage.tsx 200 in 1ms
[INFO] GET /src/pages/ProfilePage.tsx 200 in 2ms
[INFO] GET /src/pages/BillingPage.tsx 200 in 1ms
[INFO] GET /src/hooks/use-user.ts 200 in 2ms
[INFO] GET /src/components/ui/button.tsx 200 in 2ms
[INFO] GET /src/components/Sidebar.tsx 200 in 1ms
[INFO] GET /src/pages/ForgotPasswordPage.tsx 200 in 1ms
[INFO] GET /node_modules/.vite/deps/chunk-44NJKXUD.js 200 in 12ms
[INFO] GET /src/hooks/use-toast.ts 200 in 1ms
[INFO] GET /src/components/ui/toast.tsx 200 in 1ms
[INFO] GET /src/components/Logo.tsx 200 in 1ms
[INFO] GET /src/hooks/use-tts.ts 200 in 1ms
[INFO] GET /src/components/UsageProgress.tsx 200 in 1ms
[INFO] GET /src/components/ui/collapsible.tsx 200 in 1ms
[INFO] GET /src/components/ui/input.tsx 200 in 1ms
[INFO] GET /src/components/ui/form.tsx 200 in 0ms
[INFO] GET /@fs/home/runner/PodCasterella/db/schema.ts 200 in 1ms
[INFO] GET /src/components/ui/alert-dialog.tsx 200 in 1ms
[INFO] GET /src/hooks/use-audio.ts 200 in 1ms
[INFO] GET /src/components/AudioPlayer.tsx 200 in 1ms
[INFO] GET /src/lib/utils.ts 200 in 0ms
[INFO] GET /src/components/ui/separator.tsx 200 in 1ms
[INFO] GET /src/components/LoadingScreen.tsx 200 in 1ms
[INFO] GET /src/components/PaymentModal.tsx 200 in 1ms
[INFO] GET /node_modules/.vite/deps/recharts.js 200 in 8ms
[INFO] GET /src/components/ui/card.tsx 200 in 1ms
[INFO] GET /src/components/ui/tabs.tsx 200 in 1ms
[INFO] GET /src/components/ui/scroll-area.tsx 200 in 0ms
[INFO] GET /src/components/ui/progress.tsx 200 in 1ms
[INFO] GET /src/components/ui/avatar.tsx 200 in 1ms
[INFO] GET /node_modules/.vite/deps/chunk-OEDDKL4V.js 200 in 1ms
[INFO] GET /node_modules/.vite/deps/chunk-VJBK4ZL6.js 200 in 1ms
[INFO] GET /node_modules/.vite/deps/chunk-SZWQCOIT.js 200 in 1ms
[INFO] GET /src/components/ui/label.tsx 200 in 1ms
[INFO] GET /src/components/ui/slider.tsx 200 in 1ms
[INFO] GET /src/components/ui/popover.tsx 200 in 1ms
[INFO] GET /src/components/ui/select.tsx 200 in 1ms
[INFO] GET /src/components/ui/dialog.tsx 200 in 1ms
[INFO] GET /node_modules/.vite/deps/@radix-ui_react-popover.js 200 in 1ms
[INFO] GET /node_modules/.vite/deps/@radix-ui_react-select.js 200 in 2ms
[INFO] GET /node_modules/.vite/deps/chunk-6DTRWLOC.js 404 in 1ms
[INFO] GET /node_modules/.vite/deps/chunk-ZTGYVKYI.js 200 in 1ms
[INFO] GET /node_modules/.vite/deps/chunk-S764NO5S.js 200 in 0ms
[INFO] GET / 200 in 4ms
[INFO] Stripe initialized successfully
[INFO] ***Starting server initialization...


[INFO] Registering routes...
[INFO] Setting up Vite for development...
[INFO] Server started successfully on port 4000
[INFO] Webhook endpoint available at: https://PodCasterella.VivekGopal1.repl.co/api/webhooks/stripe
[INFO] GET /api/user 401 in 9ms
[INFO] GET / 200 in 40ms
[INFO] GET /@vite/client 304 in 46ms
[INFO] GET /@react-refresh 304 in 69ms
[INFO] GET /@fs/home/runner/PodCasterella/node_modules/vite/dist/client/env.mjs 304 in 3ms
[INFO] GET /src/main.tsx 304 in 154ms
[INFO] GET /@vite-plugin-checker-runtime 304 in 167ms
[INFO] GET /src/lib/queryClient.ts 304 in 1453ms
[INFO] GET /src/pages/HomePage.tsx 304 in 799ms
[INFO] GET /src/components/ui/toaster.tsx 304 in 1526ms
[INFO] GET /src/pages/PricingPage.tsx 304 in 6ms
[INFO] GET /src/pages/AdminPage.tsx 304 in 2ms
[INFO] GET /src/pages/ProfilePage.tsx 304 in 3ms
[INFO] GET /src/pages/AuthPage.tsx 304 in 2ms
[INFO] GET /src/pages/LibraryPage.tsx 304 in 1ms
[INFO] GET /src/index.css 304 in 2809ms
[INFO] GET /src/pages/BillingPage.tsx 304 in 1ms
[INFO] GET /src/hooks/use-user.ts 304 in 1ms
[INFO] Stripe initialized successfully
[INFO] ***Starting server initialization...


[INFO] Registering routes...
[INFO] Setting up Vite for development...
[INFO] Server started successfully on port 4000
[INFO] Webhook endpoint available at: https://PodCasterella.VivekGopal1.repl.co/api/webhooks/stripe
[INFO] GET /api/user 401 in 20ms
[INFO] GET / 200 in 789ms
[INFO] GET /@vite/client 304 in 26ms
[INFO] GET /src/main.tsx 304 in 56ms
[INFO] GET /@react-refresh 304 in 1ms
[INFO] GET /@vite-plugin-checker-runtime 304 in 863ms
[INFO] GET /src/index.css 304 in 948ms
[INFO] GET /src/lib/queryClient.ts 304 in 1ms
[INFO] GET /src/components/ui/toaster.tsx 304 in 2ms
[INFO] GET / 200 in 1266ms
[INFO] GET /src/pages/HomePage.tsx 304 in 7ms
[INFO] GET /src/pages/AuthPage.tsx 304 in 2ms
[INFO] GET /@vite/client 304 in 2ms
[INFO] GET /@react-refresh 304 in 1ms
[INFO] GET /src/main.tsx 304 in 1ms
[INFO] GET /@vite-plugin-checker-runtime 304 in 3ms
[INFO] GET /src/pages/PricingPage.tsx 304 in 1ms
[INFO] GET /src/pages/LibraryPage.tsx 304 in 4ms
[INFO] GET /@fs/home/runner/PodCasterella/node_modules/vite/dist/client/env.mjs 304 in 5ms
[INFO] GET /src/lib/queryClient.ts 304 in 3ms
[INFO] GET /src/index.css 304 in 3ms
[INFO] GET /src/components/ui/toaster.tsx 304 in 2ms
[INFO] GET /src/pages/ProfilePage.tsx 304 in 6ms
[INFO] GET /src/pages/LibraryPage.tsx 304 in 3ms
[INFO] GET /src/pages/AdminPage.tsx 304 in 13ms
[INFO] GET /src/pages/AdminPage.tsx 304 in 1ms
[INFO] GET /src/pages/AuthPage.tsx 304 in 1ms
[INFO] GET /src/pages/HomePage.tsx 304 in 1ms
[INFO] GET /src/pages/PricingPage.tsx 304 in 0ms
[INFO] GET /src/pages/ProfilePage.tsx 304 in 1ms
[INFO] GET /src/pages/BillingPage.tsx 304 in 1ms
[INFO] GET /src/pages/BillingPage.tsx 304 in 1ms
[INFO] GET /src/hooks/use-user.ts 304 in 1ms
[INFO] GET /src/hooks/use-user.ts 304 in 2ms
[INFO] GET /src/components/ui/button.tsx 304 in 1ms
[INFO] GET /src/pages/ForgotPasswordPage.tsx 304 in 1ms
[INFO] GET /src/components/Sidebar.tsx 304 in 1ms
[INFO] GET /src/hooks/use-toast.ts 304 in 1ms
[INFO] GET /src/components/ui/alert-dialog.tsx 304 in 1ms
[INFO] GET /src/components/ui/toast.tsx 304 in 7ms
[INFO] GET /src/components/Sidebar.tsx 200 in 1ms
[INFO] GET /src/components/ui/button.tsx 200 in 0ms
[INFO] GET /src/components/AudioPlayer.tsx 304 in 1ms
[INFO] GET /src/hooks/use-audio.ts 304 in 1ms
[INFO] GET /src/components/ui/card.tsx 304 in 0ms
[INFO] GET /src/lib/utils.ts 304 in 1ms
[INFO] GET /src/components/ui/tabs.tsx 304 in 1ms
[INFO] GET /@fs/home/runner/PodCasterella/db/schema.ts 304 in 2ms
[INFO] GET /src/components/ui/input.tsx 304 in 3ms
[INFO] GET /src/components/ui/form.tsx 304 in 0ms
[INFO] GET /src/pages/ForgotPasswordPage.tsx 304 in 0ms
[INFO] GET /src/hooks/use-tts.ts 304 in 1ms
[INFO] GET /src/components/Logo.tsx 304 in 1ms
[INFO] GET /src/components/UsageProgress.tsx 304 in 1ms
[INFO] GET /src/components/ui/collapsible.tsx 304 in 1ms
[INFO] GET /src/components/ui/avatar.tsx 304 in 1ms
[INFO] GET /src/components/PaymentModal.tsx 304 in 0ms
[INFO] GET /src/components/ui/separator.tsx 304 in 0ms
[INFO] GET /@fs/home/runner/PodCasterella/node_modules/vite/dist/client/env.mjs 304 in 1ms
[INFO] GET /src/components/LoadingScreen.tsx 304 in 0ms
[INFO] GET /node_modules/.vite/deps/chunk-RPCDYKBN.js 404 in 2ms
[INFO] GET /src/components/ui/scroll-area.tsx 304 in 1ms
[INFO] GET /src/components/ui/slider.tsx 304 in 1ms
[INFO] GET /src/components/ui/popover.tsx 304 in 1ms
[INFO] GET /src/components/ui/select.tsx 304 in 1ms
[INFO] GET /src/components/ui/label.tsx 304 in 1ms
[INFO] GET /src/components/ui/progress.tsx 304 in 1ms
[INFO] GET /src/hooks/use-toast.ts 200 in 3ms
[INFO] GET /src/components/ui/toast.tsx 200 in 1ms
[INFO] GET /src/components/ui/dialog.tsx 304 in 1ms
[INFO] GET /src/components/ui/input.tsx 200 in 1ms
[INFO] GET /node_modules/.vite/deps/chunk-6DTRWLOC.js 404 in 8ms
[INFO] GET /@fs/home/runner/PodCasterella/db/schema.ts 200 in 1ms
[INFO] GET /src/components/ui/form.tsx 200 in 1ms
[INFO] GET / 200 in 7ms
[INFO] GET /src/hooks/use-tts.ts 200 in 1ms
[INFO] GET /src/components/Logo.tsx 200 in 2ms
[INFO] GET /src/components/UsageProgress.tsx 200 in 1ms
[INFO] GET /src/components/ui/collapsible.tsx 200 in 1ms
[INFO] GET /src/components/ui/alert-dialog.tsx 200 in 5ms
[INFO] GET /src/hooks/use-audio.ts 200 in 5ms
[INFO] GET /src/components/AudioPlayer.tsx 200 in 2ms
[INFO] GET /src/lib/utils.ts 200 in 1ms
[INFO] GET /src/components/ui/card.tsx 200 in 4ms
[INFO] GET /src/components/ui/tabs.tsx 200 in 1ms
[INFO] GET /src/components/ui/avatar.tsx 200 in 1ms
[INFO] GET /src/components/PaymentModal.tsx 200 in 1ms
[INFO] GET /src/components/LoadingScreen.tsx 200 in 1ms
[INFO] GET /src/components/ui/separator.tsx 200 in 1ms
[INFO] GET /src/components/ui/scroll-area.tsx 200 in 2ms
[INFO] GET / 200 in 2ms
[INFO] GET /@vite-plugin-checker-runtime 304 in 1ms
[INFO] GET /@vite/client 304 in 1ms
[INFO] GET /src/main.tsx 304 in 1ms
[INFO] GET /@react-refresh 304 in 1ms
[INFO] GET /src/lib/queryClient.ts 304 in 0ms
[INFO] GET /src/index.css 304 in 0ms
[INFO] GET /src/components/ui/toaster.tsx 304 in 1ms
[INFO] GET /src/pages/HomePage.tsx 304 in 1ms
[INFO] GET /src/pages/AuthPage.tsx 304 in 1ms
[INFO] GET /src/pages/LibraryPage.tsx 304 in 1ms
[INFO] GET /src/pages/PricingPage.tsx 304 in 0ms
[INFO] GET /src/pages/AdminPage.tsx 304 in 1ms
[INFO] GET /src/pages/ProfilePage.tsx 304 in 1ms
[INFO] GET /src/pages/BillingPage.tsx 304 in 0ms
[INFO] GET /src/hooks/use-user.ts 304 in 0ms
[INFO] GET /src/components/Sidebar.tsx 304 in 1ms
[INFO] GET /src/components/ui/button.tsx 304 in 0ms
[INFO] GET /src/pages/ForgotPasswordPage.tsx 304 in 0ms
[INFO] GET /@fs/home/runner/PodCasterella/node_modules/vite/dist/client/env.mjs 304 in 1ms
[INFO] GET /src/hooks/use-toast.ts 304 in 1ms
[INFO] GET /src/components/ui/toast.tsx 304 in 1ms
[INFO] GET /src/hooks/use-tts.ts 304 in 1ms
[INFO] GET /src/components/Logo.tsx 304 in 1ms
[INFO] GET /src/components/UsageProgress.tsx 304 in 0ms
[INFO] GET /src/components/ui/collapsible.tsx 304 in 1ms
[INFO] GET /@fs/home/runner/PodCasterella/db/schema.ts 304 in 1ms
[INFO] GET /src/components/ui/input.tsx 304 in 0ms
[INFO] GET /src/components/ui/form.tsx 304 in 1ms
[INFO] GET /src/components/ui/alert-dialog.tsx 304 in 1ms
[INFO] GET /src/hooks/use-audio.ts 304 in 0ms
[INFO] GET /src/components/AudioPlayer.tsx 304 in 1ms
[INFO] GET /src/lib/utils.ts 304 in 0ms
[INFO] GET /src/components/ui/card.tsx 304 in 0ms
[INFO] GET /src/components/ui/tabs.tsx 304 in 1ms
[INFO] GET /src/components/ui/avatar.tsx 304 in 0ms
[INFO] GET /src/components/PaymentModal.tsx 304 in 0ms
[INFO] GET /src/components/LoadingScreen.tsx 304 in 0ms
[INFO] GET /src/components/ui/separator.tsx 304 in 1ms
[INFO] GET /src/components/ui/scroll-area.tsx 304 in 0ms
[INFO] GET /src/components/ui/progress.tsx 304 in 1ms
[INFO] GET /src/components/ui/label.tsx 304 in 1ms
[INFO] GET /src/components/ui/slider.tsx 304 in 1ms
[INFO] GET /src/components/ui/popover.tsx 304 in 1ms
[INFO] GET /src/components/ui/select.tsx 304 in 0ms
[INFO] GET /src/components/ui/dialog.tsx 304 in 1ms
[INFO] GET /node_modules/.vite/deps/chunk-6DTRWLOC.js 404 in 1ms
[INFO] GET / 200 in 3ms
